[Licensing::Module] Trying to connect to existing licensing client channel...
Built from '6000.0/staging' branch; Version is '6000.0.72f1 (b731fd3ae857) revision 12005885'; Using compiler version '193933523'; Build Type 'Release'
OS: 'Windows 11  (10.0.26200) Core' Language: 'en' Physical Memory: 7975 MB
BatchMode: 1, IsHumanControllingUs: 0, StartBugReporterOnCrash: 0, Is64bit: 1
[Licensing::IpcConnector] Channel LicenseClient-yasin doesn't exist
System  architecture: x64
Process architecture: x64
Date: 2026-04-07T11:30:23Z

COMMAND LINE ARGUMENTS:
C:\Program Files\Unity\Hub\Editor\6000.0.72f1\Editor\Unity.exe
-quit
-batchmode
-buildTarget
Win64
-logFile
C:\Users\yasin\Desktop\Game Hackathon\World Foundation\build_stairs1.log
C:/Users/yasin/Desktop/Game Hackathon/World Foundation/Unity_NordicWilds
[UnityMemory] Configuration Parameters - Can be set up in boot.config
    "memorysetup-bucket-allocator-granularity=16"
    "memorysetup-bucket-allocator-bucket-count=8"
    "memorysetup-bucket-allocator-block-size=33554432"
    "memorysetup-bucket-allocator-block-count=8"
    "memorysetup-main-allocator-block-size=16777216"
    "memorysetup-thread-allocator-block-size=16777216"
    "memorysetup-gfx-main-allocator-block-size=16777216"
    "memorysetup-gfx-thread-allocator-block-size=16777216"
    "memorysetup-cache-allocator-block-size=4194304"
    "memorysetup-typetree-allocator-block-size=2097152"
    "memorysetup-profiler-bucket-allocator-granularity=16"
    "memorysetup-profiler-bucket-allocator-bucket-count=8"
    "memorysetup-profiler-bucket-allocator-block-size=33554432"
    "memorysetup-profiler-bucket-allocator-block-count=8"
    "memorysetup-profiler-allocator-block-size=16777216"
    "memorysetup-profiler-editor-allocator-block-size=1048576"
    "memorysetup-temp-allocator-size-main=16777216"
    "memorysetup-job-temp-allocator-block-size=2097152"
    "memorysetup-job-temp-allocator-block-size-background=1048576"
    "memorysetup-job-temp-allocator-reduction-small-platforms=262144"
    "memorysetup-allocator-temp-initial-block-size-main=262144"
    "memorysetup-allocator-temp-initial-block-size-worker=262144"
    "memorysetup-temp-allocator-size-background-worker=32768"
    "memorysetup-temp-allocator-size-job-worker=262144"
    "memorysetup-temp-allocator-size-preload-manager=33554432"
    "memorysetup-temp-allocator-size-nav-mesh-worker=65536"
    "memorysetup-temp-allocator-size-audio-worker=65536"
    "memorysetup-temp-allocator-size-cloud-worker=32768"
    "memorysetup-temp-allocator-size-gi-baking-worker=262144"
    "memorysetup-temp-allocator-size-gi-baking-worker=262144"
    "memorysetup-temp-allocator-size-gi-baking-worker=262144"
    "memorysetup-temp-allocator-size-gi-baking-worker=262144"
    "memorysetup-temp-allocator-size-gi-baking-worker=262144"
    "memorysetup-temp-allocator-size-gfx=262144"
Player connection [15660]  Target information:

Player connection [15660]  * "[IP] 26.212.62.79 [Port] 55504 [Flags] 2 [Guid] 2365788168 [EditorId] 2365788168 [Version] 1048832 [Id] WindowsEditor(7,Y) [Debug] 1 [PackageName] WindowsEditor [ProjectName] Editor" 

Player connection [15660]  * "[IP] 169.254.83.107 [Port] 55504 [Flags] 2 [Guid] 2365788168 [EditorId] 2365788168 [Version] 1048832 [Id] WindowsEditor(7,Y) [Debug] 1 [PackageName] WindowsEditor [ProjectName] Editor" 

Player connection [15660]  * "[IP] 172.16.122.21 [Port] 55504 [Flags] 2 [Guid] 2365788168 [EditorId] 2365788168 [Version] 1048832 [Id] WindowsEditor(7,Y) [Debug] 1 [PackageName] WindowsEditor [ProjectName] Editor" 

Player connection [15660] Host joined multi-casting on [225.0.0.222:54997]...
Player connection [15660] Host joined alternative multi-casting on [225.0.0.222:34997]...
[Licensing::Module] Successfully launched the LicensingClient (PId: 640)
Input System module state changed to: Initialized.
[Physics::Module] Initialized fallback backend.
[Physics::Module] Id: 0xdecafbad
[Package Manager] Connected to IPC stream "Upm-20936" after 0.5 seconds.
Library Redirect Path: Library/
Default GameObject Tag: Player already registered
[Licensing::IpcConnector] Successfully connected to: "LicenseClient-yasin" at "2026-04-07T11:30:24.8408288Z"
[Physics::Module] Selected backend.
[Physics::Module] Name: PhysX
[Physics::Module] Id: 0xf2b8ea05
[Physics::Module] SDK Version: 4.1.2
[Physics::Module] Integration Version: 1.0.0
[Physics::Module] Threading Mode: Multi-Threaded
Targeting platform: Win64
Refreshing native plugins compatible for Editor in 0.01 ms, found 0 plugins.
Preloading 0 native plugins for Editor in 0.00 ms.
Initialize engine version: 6000.0.72f1 (b731fd3ae857)
[Subsystems] Discovering subsystems at path C:/Program Files/Unity/Hub/Editor/6000.0.72f1/Editor/Data/Resources/UnitySubsystems
[Subsystems] Discovering subsystems at path C:/Users/yasin/Desktop/Game Hackathon/World Foundation/Unity_NordicWilds/Assets
GfxDevice: creating device client; kGfxThreadingModeNonThreaded
Direct3D:
    Version:  Direct3D 11.0 [level 11.1]
    Renderer: Intel(R) Iris(R) Xe Graphics (ID=0x9a49)
    Vendor:   Intel
    VRAM:     3987 MB
    Driver:   31.0.101.5522
Initialize mono
Mono path[0] = 'C:/Program Files/Unity/Hub/Editor/6000.0.72f1/Editor/Data/Managed'
Mono path[1] = 'C:/Program Files/Unity/Hub/Editor/6000.0.72f1/Editor/Data/MonoBleedingEdge/lib/mono/unityjit-win32'
Mono config path = 'C:/Program Files/Unity/Hub/Editor/6000.0.72f1/Editor/Data/MonoBleedingEdge/etc'
Using monoOptions --debugger-agent=transport=dt_socket,embedding=1,server=y,suspend=n,address=127.0.0.1:56936
Using cacheserver namespaces - metadata:defaultmetadata, artifacts:defaultartifacts
Using cacheserver namespaces - metadata:defaultmetadata, artifacts:defaultartifacts
ImportWorker Server TCP listen port: 0
AcceleratorClientConnectionCallback - disconnected - :0
Begin MonoManager ReloadAssembly
Registering precompiled unity dll's ...
Register platform support module: C:/Program Files/Unity/Hub/Editor/6000.0.72f1/Editor/Data/PlaybackEngines/WindowsStandaloneSupport/UnityEditor.WindowsStandalone.Extensions.dll
Registered in 0.006120 seconds.
- Loaded All Assemblies, in  0.707 seconds
Native extension for WindowsStandalone target not found
Package Manager log level set to [2]
Mono: successfully reloaded assembly
- Finished resetting the current domain, in  0.605 seconds
Domain Reload Profiling: 1311ms
	BeginReloadAssembly (326ms)
		ExecutionOrderSort (0ms)
		DisableScriptedObjects (0ms)
		BackupInstance (0ms)
		ReleaseScriptingObjects (0ms)
		CreateAndSetChildDomain (3ms)
	RebuildCommonClasses (65ms)
	RebuildNativeTypeToScriptingClass (14ms)
	initialDomainReloadingComplete (89ms)
	LoadAllAssembliesAndSetupDomain (210ms)
		LoadAssemblies (317ms)
		RebuildTransferFunctionScriptingTraits (0ms)
		AnalyzeDomain (206ms)
			TypeCache.Refresh (202ms)
				TypeCache.ScanAssembly (181ms)
			BuildScriptInfoCaches (1ms)
			ResolveRequiredComponents (1ms)
	FinalizeReload (607ms)
		ReleaseScriptCaches (0ms)
		RebuildScriptCaches (0ms)
		SetupLoadedEditorAssemblies (545ms)
			LogAssemblyErrors (0ms)
			InitializePlatformSupportModulesInManaged (25ms)
			SetLoadedEditorAssemblies (7ms)
			BeforeProcessingInitializeOnLoad (101ms)
			ProcessInitializeOnLoadAttributes (334ms)
			ProcessInitializeOnLoadMethodAttributes (79ms)
			AfterProcessingInitializeOnLoad (0ms)
			EditorAssembliesLoaded (0ms)
		ExecutionOrderSort2 (0ms)
		AwakeInstancesAfterBackupRestoration (0ms)
[Licensing::Module] Licensing is not yet initialized.
[Licensing::Client] Handshaking with LicensingClient:
  Version:                 1.17.4+4293ba1
  Session Id:              3bdd2a5546b148d28fee50fbfde354d8
  Correlation Id:          a1b0fa5ed61ab3a9c068d9aadd0d0c0c
  External correlation Id: 1480315915613102854
  Machine Id:              FFHqDN0t5/zSHK18mtgDoe8G2kk=
[Licensing::Module] Successfully connected to LicensingClient on channel: "LicenseClient-yasin" (connect: 1.29s, validation: 0.13s, handshake: 4.59s)
[Licensing::IpcConnector] Successfully connected to: "LicenseClient-yasin-notifications" at "2026-04-07T11:30:29.5669046Z"
[Licensing::Module] Connected to LicensingClient (PId: 640, launch time: 0.11, total connection time: 6.01s)
[Licensing::Module] Error: Access token is unavailable; failed to update
[Licensing::Client] Successfully resolved entitlement details
[Licensing::Module] License group:
  Id: 9072376016901-UnityPersXXXX
  Product: Unity Personal
  Type: Assigned
  Expiration: Unlimited
[Licensing::Client] Successfully updated license, isAsync: True, time: 0.01
[Licensing::Client] Successfully resolved entitlement details
[Licensing::Module] Licensing Background thread has ended after 6.16s
[Licensing::Module] Licensing is initialized (took 2.40s).
[Licensing::Client] Successfully resolved entitlement details
Application.AssetDatabase Initial Refresh Start
[Package Manager] Restoring resolved packages state from cache
[Licensing::Client] Successfully resolved entitlement details
[Package Manager] Registered 36 packages:
  Built-in packages:
    com.unity.ugui@2.0.0 (location: C:\Users\yasin\Desktop\Game Hackathon\World Foundation\Unity_NordicWilds\Library\PackageCache\com.unity.ugui@47e51ce530b9)
    com.unity.multiplayer.center@1.0.0 (location: C:\Users\yasin\Desktop\Game Hackathon\World Foundation\Unity_NordicWilds\Library\PackageCache\com.unity.multiplayer.center@f3fb577b3546)
    com.unity.modules.accessibility@1.0.0 (location: C:\Users\yasin\Desktop\Game Hackathon\World Foundation\Unity_NordicWilds\Library\PackageCache\com.unity.modules.accessibility)
    com.unity.modules.ai@1.0.0 (location: C:\Users\yasin\Desktop\Game Hackathon\World Foundation\Unity_NordicWilds\Library\PackageCache\com.unity.modules.ai)
    com.unity.modules.androidjni@1.0.0 (location: C:\Users\yasin\Desktop\Game Hackathon\World Foundation\Unity_NordicWilds\Library\PackageCache\com.unity.modules.androidjni)
    com.unity.modules.animation@1.0.0 (location: C:\Users\yasin\Desktop\Game Hackathon\World Foundation\Unity_NordicWilds\Library\PackageCache\com.unity.modules.animation)
    com.unity.modules.assetbundle@1.0.0 (location: C:\Users\yasin\Desktop\Game Hackathon\World Foundation\Unity_NordicWilds\Library\PackageCache\com.unity.modules.assetbundle)
    com.unity.modules.audio@1.0.0 (location: C:\Users\yasin\Desktop\Game Hackathon\World Foundation\Unity_NordicWilds\Library\PackageCache\com.unity.modules.audio)
    com.unity.modules.cloth@1.0.0 (location: C:\Users\yasin\Desktop\Game Hackathon\World Foundation\Unity_NordicWilds\Library\PackageCache\com.unity.modules.cloth)
    com.unity.modules.director@1.0.0 (location: C:\Users\yasin\Desktop\Game Hackathon\World Foundation\Unity_NordicWilds\Library\PackageCache\com.unity.modules.director)
    com.unity.modules.imageconversion@1.0.0 (location: C:\Users\yasin\Desktop\Game Hackathon\World Foundation\Unity_NordicWilds\Library\PackageCache\com.unity.modules.imageconversion)
    com.unity.modules.imgui@1.0.0 (location: C:\Users\yasin\Desktop\Game Hackathon\World Foundation\Unity_NordicWilds\Library\PackageCache\com.unity.modules.imgui)
    com.unity.modules.jsonserialize@1.0.0 (location: C:\Users\yasin\Desktop\Game Hackathon\World Foundation\Unity_NordicWilds\Library\PackageCache\com.unity.modules.jsonserialize)
    com.unity.modules.particlesystem@1.0.0 (location: C:\Users\yasin\Desktop\Game Hackathon\World Foundation\Unity_NordicWilds\Library\PackageCache\com.unity.modules.particlesystem)
    com.unity.modules.physics@1.0.0 (location: C:\Users\yasin\Desktop\Game Hackathon\World Foundation\Unity_NordicWilds\Library\PackageCache\com.unity.modules.physics)
    com.unity.modules.physics2d@1.0.0 (location: C:\Users\yasin\Desktop\Game Hackathon\World Foundation\Unity_NordicWilds\Library\PackageCache\com.unity.modules.physics2d)
    com.unity.modules.screencapture@1.0.0 (location: C:\Users\yasin\Desktop\Game Hackathon\World Foundation\Unity_NordicWilds\Library\PackageCache\com.unity.modules.screencapture)
    com.unity.modules.terrain@1.0.0 (location: C:\Users\yasin\Desktop\Game Hackathon\World Foundation\Unity_NordicWilds\Library\PackageCache\com.unity.modules.terrain)
    com.unity.modules.terrainphysics@1.0.0 (location: C:\Users\yasin\Desktop\Game Hackathon\World Foundation\Unity_NordicWilds\Library\PackageCache\com.unity.modules.terrainphysics)
    com.unity.modules.tilemap@1.0.0 (location: C:\Users\yasin\Desktop\Game Hackathon\World Foundation\Unity_NordicWilds\Library\PackageCache\com.unity.modules.tilemap)
    com.unity.modules.ui@1.0.0 (location: C:\Users\yasin\Desktop\Game Hackathon\World Foundation\Unity_NordicWilds\Library\PackageCache\com.unity.modules.ui)
    com.unity.modules.uielements@1.0.0 (location: C:\Users\yasin\Desktop\Game Hackathon\World Foundation\Unity_NordicWilds\Library\PackageCache\com.unity.modules.uielements)
    com.unity.modules.umbra@1.0.0 (location: C:\Users\yasin\Desktop\Game Hackathon\World Foundation\Unity_NordicWilds\Library\PackageCache\com.unity.modules.umbra)
    com.unity.modules.unityanalytics@1.0.0 (location: C:\Users\yasin\Desktop\Game Hackathon\World Foundation\Unity_NordicWilds\Library\PackageCache\com.unity.modules.unityanalytics)
    com.unity.modules.unitywebrequest@1.0.0 (location: C:\Users\yasin\Desktop\Game Hackathon\World Foundation\Unity_NordicWilds\Library\PackageCache\com.unity.modules.unitywebrequest)
    com.unity.modules.unitywebrequestassetbundle@1.0.0 (location: C:\Users\yasin\Desktop\Game Hackathon\World Foundation\Unity_NordicWilds\Library\PackageCache\com.unity.modules.unitywebrequestassetbundle)
    com.unity.modules.unitywebrequestaudio@1.0.0 (location: C:\Users\yasin\Desktop\Game Hackathon\World Foundation\Unity_NordicWilds\Library\PackageCache\com.unity.modules.unitywebrequestaudio)
    com.unity.modules.unitywebrequesttexture@1.0.0 (location: C:\Users\yasin\Desktop\Game Hackathon\World Foundation\Unity_NordicWilds\Library\PackageCache\com.unity.modules.unitywebrequesttexture)
    com.unity.modules.unitywebrequestwww@1.0.0 (location: C:\Users\yasin\Desktop\Game Hackathon\World Foundation\Unity_NordicWilds\Library\PackageCache\com.unity.modules.unitywebrequestwww)
    com.unity.modules.vehicles@1.0.0 (location: C:\Users\yasin\Desktop\Game Hackathon\World Foundation\Unity_NordicWilds\Library\PackageCache\com.unity.modules.vehicles)
    com.unity.modules.video@1.0.0 (location: C:\Users\yasin\Desktop\Game Hackathon\World Foundation\Unity_NordicWilds\Library\PackageCache\com.unity.modules.video)
    com.unity.modules.vr@1.0.0 (location: C:\Users\yasin\Desktop\Game Hackathon\World Foundation\Unity_NordicWilds\Library\PackageCache\com.unity.modules.vr)
    com.unity.modules.wind@1.0.0 (location: C:\Users\yasin\Desktop\Game Hackathon\World Foundation\Unity_NordicWilds\Library\PackageCache\com.unity.modules.wind)
    com.unity.modules.xr@1.0.0 (location: C:\Users\yasin\Desktop\Game Hackathon\World Foundation\Unity_NordicWilds\Library\PackageCache\com.unity.modules.xr)
    com.unity.modules.subsystems@1.0.0 (location: C:\Users\yasin\Desktop\Game Hackathon\World Foundation\Unity_NordicWilds\Library\PackageCache\com.unity.modules.subsystems)
    com.unity.modules.hierarchycore@1.0.0 (location: C:\Users\yasin\Desktop\Game Hackathon\World Foundation\Unity_NordicWilds\Library\PackageCache\com.unity.modules.hierarchycore)
[Subsystems] No new subsystems found in resolved package list.
[Package Manager] Done registering packages in 0.02 seconds
[ScriptCompilation] Requested script compilation because: Assetdatabase observed changes in script compilation related files
Starting: C:\Program Files\Unity\Hub\Editor\6000.0.72f1\Editor\Data\bee_backend.exe --ipc --defer-dag-verification --dagfile="Library/Bee/1900b0aE.dag" --continue-on-failure --profile="Library/Bee/backend1.traceevents" ScriptAssemblies
WorkingDir: C:/Users/yasin/Desktop/Game Hackathon/World Foundation/Unity_NordicWilds
DisplayProgressbar: Compiling Scripts
ExitCode: 4 Duration: 2s754ms
Rebuilding DAG because FileSignature timestamp changed: Library/Bee/1900b0aE-inputdata.json
[198/204    2s] Csc Library/Bee/artifacts/1900b0aE.dag/Assembly-CSharp.dll (+2 others)
*** Tundra requires additional run (2.64 seconds), 1 items updated, 197 evaluated
Starting: C:\Program Files\Unity\Hub\Editor\6000.0.72f1\Editor\Data\Tools\netcorerun\netcorerun.exe "C:\Program Files\Unity\Hub\Editor\6000.0.72f1\Editor\Data\Tools\BuildPipeline\ScriptCompilationBuildProgram.exe" "Library/Bee/1900b0aE.dag.json" "Library/Bee/1900b0aE-inputdata.json" "Library\Bee\buildprogram0.traceevents"
WorkingDir: C:/Users/yasin/Desktop/Game Hackathon/World Foundation/Unity_NordicWilds
ExitCode: 0 Duration: 2s384ms
Starting: C:\Program Files\Unity\Hub\Editor\6000.0.72f1\Editor\Data\bee_backend.exe --ipc --defer-dag-verification --dagfile="Library/Bee/1900b0aE.dag" --continue-on-failure --dagfilejson="Library\Bee\1900b0aE.dag.json" --profile="Library/Bee/backend2.traceevents" ScriptAssemblies
WorkingDir: C:/Users/yasin/Desktop/Game Hackathon/World Foundation/Unity_NordicWilds
ExitCode: 0 Duration: 4s30ms
Finished compiling graph: 207 nodes, 1702 flattened edges (1594 ToBuild, 18 ToUse), maximum node priority 99
[199/204    0s] CopyFiles Library/ScriptAssemblies/Assembly-CSharp.dll
[200/204    0s] CopyFiles Library/ScriptAssemblies/Assembly-CSharp.pdb
[201/204    3s] Csc Library/Bee/artifacts/1900b0aE.dag/Assembly-CSharp-Editor.dll (+2 others)
[202/204    0s] CopyFiles Library/ScriptAssemblies/Assembly-CSharp-Editor.pdb
[203/204    0s] CopyFiles Library/ScriptAssemblies/Assembly-CSharp-Editor.dll
*** Tundra build success (3.99 seconds), 5 items updated, 204 evaluated
AssetDatabase: script compilation time: 10.129537s
Total cache size 2402560
Begin MonoManager ReloadAssembly
Total cache size after purge 2402560, took 00:00:00.0323912
- Loaded All Assemblies, in  0.587 seconds
Refreshing native plugins compatible for Editor in 0.00 ms, found 0 plugins.
Native extension for WindowsStandalone target not found
Mono: successfully reloaded assembly
- Finished resetting the current domain, in  0.452 seconds
Domain Reload Profiling: 1036ms
	BeginReloadAssembly (239ms)
		ExecutionOrderSort (0ms)
		DisableScriptedObjects (13ms)
		BackupInstance (0ms)
		ReleaseScriptingObjects (0ms)
		CreateAndSetChildDomain (39ms)
	RebuildCommonClasses (44ms)
	RebuildNativeTypeToScriptingClass (15ms)
	initialDomainReloadingComplete (30ms)
	LoadAllAssembliesAndSetupDomain (256ms)
		LoadAssemblies (371ms)
		RebuildTransferFunctionScriptingTraits (0ms)
		AnalyzeDomain (24ms)
			TypeCache.Refresh (13ms)
				TypeCache.ScanAssembly (7ms)
			BuildScriptInfoCaches (6ms)
			ResolveRequiredComponents (2ms)
	FinalizeReload (453ms)
		ReleaseScriptCaches (0ms)
		RebuildScriptCaches (0ms)
		SetupLoadedEditorAssemblies (295ms)
			LogAssemblyErrors (0ms)
			InitializePlatformSupportModulesInManaged (14ms)
			SetLoadedEditorAssemblies (3ms)
			BeforeProcessingInitializeOnLoad (107ms)
			ProcessInitializeOnLoadAttributes (135ms)
			ProcessInitializeOnLoadMethodAttributes (29ms)
			AfterProcessingInitializeOnLoad (8ms)
			EditorAssembliesLoaded (0ms)
		ExecutionOrderSort2 (0ms)
		AwakeInstancesAfterBackupRestoration (17ms)
Refreshing native plugins compatible for Editor in 0.01 ms, found 0 plugins.
Preloading 0 native plugins for Editor in 0.00 ms.
Asset Pipeline Refresh (id=48b77946a97eaa448aaf88767a9d73fa): Total: 11.555 seconds - Initiated by InitialRefreshV2(ForceSynchronousImport)
	Summary:
		Imports: total=0 (actual=0, local cache=0, cache server=0)
		Asset DB Process Time: managed=0 ms, native=619 ms
		Asset DB Callback time: managed=166 ms, native=36 ms
		Scripting: domain reloads=1, domain reload time=587 ms, compile time=10133 ms, other=11 ms
		Project Asset Count: scripts=198, non-scripts=121
		Asset File Changes: new=0, changed=3, moved=0, deleted=0
		Scan Filter Count: 0
	InvokeCustomDependenciesCallbacks: 0.002ms
	InvokePackagesCallback: 22.694ms
	ApplyChangesToAssetFolders: 0.842ms
	Scan: 48.323ms
	OnSourceAssetsModified: 1.397ms
	CategorizeAssetsWithTransientArtifact: 2.069ms
	ProcessAssetsWithTransientArtifactChanges: 10.501ms
	CategorizeAssets: 7.153ms
	ImportOutOfDateAssets: 456.176ms (-9677.707ms without children)
		CompileScripts: 10132.878ms
		ReloadNativeAssets: 0.002ms
		UnloadImportedAssets: 0.226ms
		EnsureUptoDateAssetsAreRegisteredWithGuidPM: 0.095ms
		InitializingProgressBar: 0.001ms
		PostProcessAllAssetNotificationsAddChangedAssets: 0.000ms
		OnDemandSchedulerStart: 0.682ms
	PostProcessAllAssets: 174.028ms
	Hotreload: 7.205ms
	GatherAllCurrentPrimaryArtifactRevisions: 0.003ms
	UnloadStreamsBegin: 0.380ms
	PersistCurrentRevisions: 0.013ms
	UnloadStreamsEnd: 0.003ms
	GenerateScriptTypeHashes: 1.174ms
	Untracked: 10824.410ms

Application.AssetDatabase Initial Refresh End
Scanning for USB devices : 5.362ms
Initializing Unity extensions:
[MODES] ModeService[none].Initialize
[MODES] ModeService[none].LoadModes
[MODES] Loading mode Default (0) for mode-current-id-Unity_NordicWilds
Unloading 3 Unused Serialized files (Serialized files now loaded: 0)
Unloading 436 unused Assets / (0.6 MB). Loaded Objects now: 947.
Memory consumption went from 85.7 MB to 85.2 MB.
Total: 6.481800 ms (FindLiveObjects: 0.129300 ms CreateObjectMapping: 0.061300 ms MarkObjects: 5.932600 ms  DeleteObjects: 0.356600 ms)

Batchmode quit successfully invoked - shutting down!
Curl error 42: Callback aborted
[Physics::Module] Cleanup current backned.
[Physics::Module] Id: 0xf2b8ea05
Input System module state changed to: ShutdownInProgress.
Input System polling thread exited.
Input System module state changed to: Shutdown.
[Licensing::IpcConnector] LicenseClient-yasin-notifications channel disconnected successfully.
[Licensing::IpcConnector] LicenseClient-yasin channel disconnected successfully.
AcceleratorClientConnectionCallback - disconnected - :0
Cleanup mono
Exiting batchmode successfully now!
Exiting without the bug reporter. Application will terminate with return code 0